21 Feb 2026 14:11:36 [main] INFO  com.snak.ResultUnitsApplication - Starting ResultUnitsApplication using Java 17.0.7 with PID 46280 (C:\Users\mdsha\Downloads\ResultUnits\ResultUnits\target\classes started by mdsha in C:\Users\mdsha\Downloads\ResultUnits\ResultUnits)
21 Feb 2026 14:11:36 [main] DEBUG com.snak.ResultUnitsApplication - Running with Spring Boot v4.0.3, Spring v7.0.5
21 Feb 2026 14:11:36 [main] INFO  com.snak.ResultUnitsApplication - No active profile set, falling back to 1 default profile: "default"
21 Feb 2026 14:11:37 [main] INFO  com.snak.ResultUnitsApplication - Started ResultUnitsApplication in 2.421 seconds (process running for 3.238)
21 Feb 2026 14:11:37 [main] INFO  com.snak.Services.LoggerCLass - com.snak.ResultUnitsApplication::main:: Exception occurred
java.lang.Exception
	at com.snak.ResultUnitsApplication.run(ResultUnitsApplication.java:28)
	at org.springframework.boot.SpringApplication.lambda$callRunner$1(SpringApplication.java:792)
	at org.springframework.util.function.ThrowingConsumer$1.acceptWithException(ThrowingConsumer.java:82)
	at org.springframework.util.function.ThrowingConsumer.accept(ThrowingConsumer.java:60)
	at org.springframework.util.function.ThrowingConsumer$1.accept(ThrowingConsumer.java:86)
	at org.springframework.boot.SpringApplication.callRunner(SpringApplication.java:800)
	at org.springframework.boot.SpringApplication.callRunner(SpringApplication.java:791)
	at org.springframework.boot.SpringApplication.lambda$callRunners$0(SpringApplication.java:776)
	at java.base/java.util.stream.ForEachOps$ForEachOp$OfRef.accept(ForEachOps.java:183)
	at java.base/java.util.stream.SortedOps$SizedRefSortingSink.end(SortedOps.java:357)
	at java.base/java.util.stream.AbstractPipeline.copyInto(AbstractPipeline.java:510)
	at java.base/java.util.stream.AbstractPipeline.wrapAndCopyInto(AbstractPipeline.java:499)
	at java.base/java.util.stream.ForEachOps$ForEachOp.evaluateSequential(ForEachOps.java:150)
	at java.base/java.util.stream.ForEachOps$ForEachOp$OfRef.evaluateSequential(ForEachOps.java:173)
	at java.base/java.util.stream.AbstractPipeline.evaluate(AbstractPipeline.java:234)
	at java.base/java.util.stream.ReferencePipeline.forEach(ReferencePipeline.java:596)
	at org.springframework.boot.SpringApplication.callRunners(SpringApplication.java:776)
	at org.springframework.boot.SpringApplication.run(SpringApplication.java:328)
	at org.springframework.boot.SpringApplication.run(SpringApplication.java:1365)
	at org.springframework.boot.SpringApplication.run(SpringApplication.java:1354)
	at com.snak.ResultUnitsApplication.main(ResultUnitsApplication.java:19)
21 Feb 2026 14:11:57 [main] INFO  com.snak.ResultUnitsApplication - Starting ResultUnitsApplication using Java 17.0.7 with PID 7452 (C:\Users\mdsha\Downloads\ResultUnits\ResultUnits\target\classes started by mdsha in C:\Users\mdsha\Downloads\ResultUnits\ResultUnits)
21 Feb 2026 14:11:57 [main] DEBUG com.snak.ResultUnitsApplication - Running with Spring Boot v4.0.3, Spring v7.0.5
21 Feb 2026 14:11:57 [main] INFO  com.snak.ResultUnitsApplication - No active profile set, falling back to 1 default profile: "default"
21 Feb 2026 14:11:58 [main] INFO  com.snak.ResultUnitsApplication - Started ResultUnitsApplication in 2.205 seconds (process running for 3.116)
21 Feb 2026 14:11:58 [main] INFO  com.snak.Services.LoggerCLass - com.snak.ResultUnitsApplication::main:: Exception occurred
java.lang.Exception
	at com.snak.ResultUnitsApplication.run(ResultUnitsApplication.java:28)
	at org.springframework.boot.SpringApplication.lambda$callRunner$1(SpringApplication.java:792)
	at org.springframework.util.function.ThrowingConsumer$1.acceptWithException(ThrowingConsumer.java:82)
	at org.springframework.util.function.ThrowingConsumer.accept(ThrowingConsumer.java:60)
	at org.springframework.util.function.ThrowingConsumer$1.accept(ThrowingConsumer.java:86)
	at org.springframework.boot.SpringApplication.callRunner(SpringApplication.java:800)
	at org.springframework.boot.SpringApplication.callRunner(SpringApplication.java:791)
	at org.springframework.boot.SpringApplication.lambda$callRunners$0(SpringApplication.java:776)
	at java.base/java.util.stream.ForEachOps$ForEachOp$OfRef.accept(ForEachOps.java:183)
	at java.base/java.util.stream.SortedOps$SizedRefSortingSink.end(SortedOps.java:357)
	at java.base/java.util.stream.AbstractPipeline.copyInto(AbstractPipeline.java:510)
	at java.base/java.util.stream.AbstractPipeline.wrapAndCopyInto(AbstractPipeline.java:499)
	at java.base/java.util.stream.ForEachOps$ForEachOp.evaluateSequential(ForEachOps.java:150)
	at java.base/java.util.stream.ForEachOps$ForEachOp$OfRef.evaluateSequential(ForEachOps.java:173)
	at java.base/java.util.stream.AbstractPipeline.evaluate(AbstractPipeline.java:234)
	at java.base/java.util.stream.ReferencePipeline.forEach(ReferencePipeline.java:596)
	at org.springframework.boot.SpringApplication.callRunners(SpringApplication.java:776)
	at org.springframework.boot.SpringApplication.run(SpringApplication.java:328)
	at org.springframework.boot.SpringApplication.run(SpringApplication.java:1365)
	at org.springframework.boot.SpringApplication.run(SpringApplication.java:1354)
	at com.snak.ResultUnitsApplication.main(ResultUnitsApplication.java:19)
21 Feb 2026 14:13:48 [main] INFO  com.snak.ResultUnitsApplication - Starting ResultUnitsApplication using Java 17.0.7 with PID 21904 (C:\Users\mdsha\Downloads\ResultUnits\ResultUnits\target\classes started by mdsha in C:\Users\mdsha\Downloads\ResultUnits\ResultUnits)
21 Feb 2026 14:13:48 [main] DEBUG com.snak.ResultUnitsApplication - Running with Spring Boot v4.0.3, Spring v7.0.5
21 Feb 2026 14:13:48 [main] INFO  com.snak.ResultUnitsApplication - No active profile set, falling back to 1 default profile: "default"
21 Feb 2026 14:13:49 [main] INFO  com.snak.ResultUnitsApplication - Started ResultUnitsApplication in 2.404 seconds (process running for 3.721)
21 Feb 2026 14:13:49 [main] INFO  com.snak.Services.LoggerCLass - com.snak.ResultUnitsApplication::main:: Exception occurred
java.lang.Exception
	at com.snak.ResultUnitsApplication.run(ResultUnitsApplication.java:28)
	at org.springframework.boot.SpringApplication.lambda$callRunner$1(SpringApplication.java:792)
	at org.springframework.util.function.ThrowingConsumer$1.acceptWithException(ThrowingConsumer.java:82)
	at org.springframework.util.function.ThrowingConsumer.accept(ThrowingConsumer.java:60)
	at org.springframework.util.function.ThrowingConsumer$1.accept(ThrowingConsumer.java:86)
	at org.springframework.boot.SpringApplication.callRunner(SpringApplication.java:800)
	at org.springframework.boot.SpringApplication.callRunner(SpringApplication.java:791)
	at org.springframework.boot.SpringApplication.lambda$callRunners$0(SpringApplication.java:776)
	at java.base/java.util.stream.ForEachOps$ForEachOp$OfRef.accept(ForEachOps.java:183)
	at java.base/java.util.stream.SortedOps$SizedRefSortingSink.end(SortedOps.java:357)
	at java.base/java.util.stream.AbstractPipeline.copyInto(AbstractPipeline.java:510)
	at java.base/java.util.stream.AbstractPipeline.wrapAndCopyInto(AbstractPipeline.java:499)
	at java.base/java.util.stream.ForEachOps$ForEachOp.evaluateSequential(ForEachOps.java:150)
	at java.base/java.util.stream.ForEachOps$ForEachOp$OfRef.evaluateSequential(ForEachOps.java:173)
	at java.base/java.util.stream.AbstractPipeline.evaluate(AbstractPipeline.java:234)
	at java.base/java.util.stream.ReferencePipeline.forEach(ReferencePipeline.java:596)
	at org.springframework.boot.SpringApplication.callRunners(SpringApplication.java:776)
	at org.springframework.boot.SpringApplication.run(SpringApplication.java:328)
	at org.springframework.boot.SpringApplication.run(SpringApplication.java:1365)
	at org.springframework.boot.SpringApplication.run(SpringApplication.java:1354)
	at com.snak.ResultUnitsApplication.main(ResultUnitsApplication.java:19)
